Arguments: 
  /usr/bin/node /usr/share/yarn/bin/yarn.js add @types/fetch

PATH: 
  /home/agalli/.cargo/bin:/usr/local/sbin:/usr/local/bin:/usr/sbin:/usr/bin:/sbin:/bin:/usr/games:/usr/local/games:/snap/bin:

Yarn version: 
  1.7.0

Node version: 
  8.10.0

Platform: 
  linux x64

Trace: 
  Error: https://registry.yarnpkg.com/@types%2ffetch: Not found
      at Request.params.callback [as _callback] (/usr/share/yarn/lib/cli.js:65656:18)
      at Request.self.callback (/usr/share/yarn/lib/cli.js:134675:22)
      at emitTwo (events.js:126:13)
      at Request.emit (events.js:214:7)
      at Request.<anonymous> (/usr/share/yarn/lib/cli.js:135658:10)
      at emitOne (events.js:116:13)
      at Request.emit (events.js:211:7)
      at IncomingMessage.<anonymous> (/usr/share/yarn/lib/cli.js:135578:12)
      at Object.onceWrapper (events.js:313:30)
      at emitNone (events.js:111:20)

npm manifest: 
  {
    "name": "HelloWorld",
    "version": "1.0.0",
    "description": "alexa skill",
    "main": "index.js",
    "author": "Alessandro Galli <alessandro.galli@facile.it>",
    "license": "MIT",
    "dependencies": {
      "ask-sdk-core": "^2.0.7",
      "ask-sdk-model": "^1.3.1"
    },
    "devDependencies": {
      "@types/node": "^10.5.2"
    },
    "scripts": {
      "build": "rm -rf ./build && tsc && cp package.json ./build/package.json",
      "lambda-create": "claudia create --name=hello --source build --handler index.handler --runtime nodejs8.10 --region eu-west-1 && mv build/claudia.json claudia.json",
      "lambda-update": "claudia update --source build --config claudia.json"
    }
  }

yarn manifest: 
  No manifest

Lockfile: 
  # THIS IS AN AUTOGENERATED FILE. DO NOT EDIT THIS FILE DIRECTLY.
  # yarn lockfile v1
  
  
  "@types/node@^10.5.2":
    version "10.5.2"
    resolved "https://registry.yarnpkg.com/@types/node/-/node-10.5.2.tgz#f19f05314d5421fe37e74153254201a7bf00a707"
  
  ask-sdk-core@^2.0.7:
    version "2.0.7"
    resolved "https://registry.yarnpkg.com/ask-sdk-core/-/ask-sdk-core-2.0.7.tgz#0f2300aa99a5bd92c0bd700d1ed92ff8da1f83b9"
  
  ask-sdk-model@^1.3.1:
    version "1.3.1"
    resolved "https://registry.yarnpkg.com/ask-sdk-model/-/ask-sdk-model-1.3.1.tgz#a583809e4e9d3fb5308306249907808fab37fd4f"
